<?xml version="1.0" encoding="UTF-8"?>
<!-- Generated by org.testng.reporters.JUnitReportReporter -->
<testsuite hostname="W1851585" name="HerokuApp.P6Checkboxes" tests="1" failures="0" timestamp="3 Oct 2018 17:32:37 GMT" time="22.795" errors="0">
  <testcase name="test" time="22.795" classname="HerokuApp.P6Checkboxes"/>
</testsuite> <!-- HerokuApp.P6Checkboxes -->
