<?xml version="1.0" encoding="UTF-8"?>
<!-- Generated by org.testng.reporters.JUnitReportReporter -->
<testsuite hostname="W1851585" name="HerokuApp.P1" tests="1" failures="0" timestamp="29 Sep 2018 15:22:01 GMT" time="10.343" errors="0">
  <testcase name="test1" time="10.343" classname="HerokuApp.P1"/>
</testsuite> <!-- HerokuApp.P1 -->
