<?xml version="1.0" encoding="UTF-8"?>
<!-- Generated by org.testng.reporters.JUnitReportReporter -->
<testsuite hostname="W1851585" name="HerokuApp.P2_BasicAuth" tests="2" failures="0" timestamp="30 Sep 2018 14:57:10 GMT" time="45.875" errors="0">
  <testcase name="login" time="13.318" classname="HerokuApp.P2_BasicAuth"/>
  <testcase name="login2" time="32.557" classname="HerokuApp.P2_BasicAuth"/>
</testsuite> <!-- HerokuApp.P2_BasicAuth -->
