<?xml version="1.0" encoding="UTF-8"?>
<!-- Generated by org.testng.reporters.JUnitReportReporter -->
<testsuite hostname="W1851585" name="HerokuApp.P5FoatingMenu" tests="1" failures="0" timestamp="2 Oct 2018 06:36:17 GMT" time="21.260" errors="0">
  <testcase name="regression" time="21.260" classname="HerokuApp.P5FoatingMenu"/>
</testsuite> <!-- HerokuApp.P5FoatingMenu -->
