<?xml version="1.0" encoding="UTF-8"?>
<!-- Generated by org.testng.reporters.JUnitReportReporter -->
<testsuite hostname="W1851585" name="HerokuApp.P9ChallengingDOM" tests="1" failures="0" timestamp="6 Oct 2018 11:58:26 GMT" time="33.800" errors="0">
  <testcase name="test" time="33.800" classname="HerokuApp.P9ChallengingDOM"/>
</testsuite> <!-- HerokuApp.P9ChallengingDOM -->
