<?xml version="1.0" encoding="UTF-8"?>
<!-- Generated by org.testng.reporters.JUnitReportReporter -->
<testsuite hostname="W1851585" name="HerokuApp.P8FileUpload" tests="1" failures="0" timestamp="6 Oct 2018 05:28:02 GMT" time="29.303" errors="0">
  <testcase name="mytest" time="29.303" classname="HerokuApp.P8FileUpload"/>
</testsuite> <!-- HerokuApp.P8FileUpload -->
