<?xml version="1.0" encoding="UTF-8"?>
<!-- Generated by org.testng.reporters.JUnitReportReporter -->
<testsuite hostname="W1851585" name="HerokuApp.P7JavascriptOnloadError" tests="1" failures="0" timestamp="6 Oct 2018 04:49:47 GMT" time="3.761" errors="0">
  <testcase name="mytest" time="3.761" classname="HerokuApp.P7JavascriptOnloadError"/>
</testsuite> <!-- HerokuApp.P7JavascriptOnloadError -->
